Watching for file changes with StatReloader
search leases!
"GET /lease/ HTTP/1.1" 200 51968
"GET /static/js/init.js HTTP/1.1" 404 1757
"GET /static/js/DragDiv.js HTTP/1.1" 404 1766
"GET /static/js/jquery.min.js HTTP/1.1" 404 1775
"GET /static/js/TableBase.js HTTP/1.1" 404 1772
"GET /static/js/PrintFile.js HTTP/1.1" 404 1772
"GET /static/js/InformationBase.js HTTP/1.1" 404 1790
"GET /static/css/drag.css HTTP/1.1" 404 1763
"GET /static/css/TableBase.css HTTP/1.1" 404 1778
"GET /static/js/init.js HTTP/1.1" 404 1757
"GET /static/js/TableBase.js HTTP/1.1" 404 1772
"GET /static/js/InformationBase.js HTTP/1.1" 404 1790
"GET /static/js/DragDiv.js HTTP/1.1" 404 1766
"GET /static/js/PrintFile.js HTTP/1.1" 404 1772
"GET /static/css/drag.css HTTP/1.1" 404 1763
"GET /static/css/TableBase.css HTTP/1.1" 404 1778
Watching for file changes with StatReloader
search leases!
"GET /lease/ HTTP/1.1" 200 51968
"GET /static/js/init.js HTTP/1.1" 404 1757
"GET /static/js/DragDiv.js HTTP/1.1" 404 1766
"GET /static/js/PrintFile.js HTTP/1.1" 404 1772
"GET /static/js/TableBase.js HTTP/1.1" 404 1772
"GET /static/js/jquery.min.js HTTP/1.1" 404 1775
"GET /static/js/InformationBase.js HTTP/1.1" 404 1790
"GET /static/css/TableBase.css HTTP/1.1" 404 1778
"GET /static/css/drag.css HTTP/1.1" 404 1763
"GET /static/js/init.js HTTP/1.1" 404 1757
"GET /static/js/TableBase.js HTTP/1.1" 404 1772
"GET /static/js/InformationBase.js HTTP/1.1" 404 1790
"GET /static/js/DragDiv.js HTTP/1.1" 404 1766
"GET /static/js/PrintFile.js HTTP/1.1" 404 1772
"GET /static/css/drag.css HTTP/1.1" 404 1763
"GET /static/css/TableBase.css HTTP/1.1" 404 1778
"GET /favicon.ico HTTP/1.1" 404 3680
E:\workSpace\HouseDjango\houseDjango\houseDjango\urls-debug.py changed, reloading.
Watching for file changes with StatReloader
search leases!
"GET /lease/ HTTP/1.1" 200 51968
"GET /static/js/init.js HTTP/1.1" 404 1656
"GET /static/js/jquery.min.js HTTP/1.1" 404 1674
"GET /static/js/DragDiv.js HTTP/1.1" 404 1665
"GET /static/js/InformationBase.js HTTP/1.1" 404 1689
"GET /static/js/PrintFile.js HTTP/1.1" 404 1671
"GET /static/js/TableBase.js HTTP/1.1" 404 1671
"GET /static/css/drag.css HTTP/1.1" 404 1662
"GET /static/css/TableBase.css HTTP/1.1" 404 1677
"GET /static/js/init.js HTTP/1.1" 404 1656
"GET /static/js/TableBase.js HTTP/1.1" 404 1671
"GET /static/js/InformationBase.js HTTP/1.1" 404 1689
"GET /static/js/DragDiv.js HTTP/1.1" 404 1665
"GET /static/js/PrintFile.js HTTP/1.1" 404 1671
"GET /static/css/drag.css HTTP/1.1" 404 1662
"GET /static/css/TableBase.css HTTP/1.1" 404 1677
"GET /favicon.ico HTTP/1.1" 404 3553
E:\workSpace\HouseDjango\houseDjango\houseDjango\settings-debug.py changed, reloading.
Watching for file changes with StatReloader
search leases!
"GET /lease/ HTTP/1.1" 200 51968
"GET /static/js/init.js HTTP/1.1" 200 3029
"GET /static/js/jquery.min.js HTTP/1.1" 200 72328
"GET /static/js/DragDiv.js HTTP/1.1" 200 606
"GET /static/js/InformationBase.js HTTP/1.1" 200 9808
"GET /static/js/PrintFile.js HTTP/1.1" 200 2650
"GET /static/css/TableBase.css HTTP/1.1" 200 1456
"GET /static/js/TableBase.js HTTP/1.1" 200 22107
"GET /static/css/drag.css HTTP/1.1" 200 0
"GET /favicon.ico HTTP/1.1" 404 3553
E:\workSpace\HouseDjango\houseDjango\houseDjango\urls-debug.py changed, reloading.
Watching for file changes with StatReloader
search leases!
"GET /lease/ HTTP/1.1" 200 51968
"GET /static/js/jquery.min.js HTTP/1.1" 200 72328
"GET /static/js/init.js HTTP/1.1" 200 3029
"GET /static/css/drag.css HTTP/1.1" 200 0
"GET /static/js/InformationBase.js HTTP/1.1" 200 9808
"GET /static/js/PrintFile.js HTTP/1.1" 200 2650
"GET /static/js/TableBase.js HTTP/1.1" 200 22107
"GET /static/js/DragDiv.js HTTP/1.1" 200 606
"GET /static/css/TableBase.css HTTP/1.1" 200 1456
"GET /favicon.ico HTTP/1.1" 404 3680
Watching for file changes with StatReloader
"GET / HTTP/1.1" 302 0
"GET /user/login/?next=/ HTTP/1.1" 200 3840
"GET /user/login/signin.css HTTP/1.1" 404 4898
"GET /favicon.ico HTTP/1.1" 404 3680
"POST /user/login/ HTTP/1.1" 302 0
"GET /user/login/ HTTP/1.1" 200 3840
"GET /user/login/signin.css HTTP/1.1" 404 4898
"POST /user/login/ HTTP/1.1" 302 0
"GET /house/ HTTP/1.1" 200 27106
"GET /static/js/init.js HTTP/1.1" 200 3029
"GET /static/js/jquery.min.js HTTP/1.1" 200 72328
"GET /static/css/drag.css HTTP/1.1" 200 0
"GET /static/css/TableBase.css HTTP/1.1" 200 1456
"GET /static/js/TableBase.js HTTP/1.1" 200 22107
"GET /static/js/InformationBase.js HTTP/1.1" 200 9808
"GET /static/js/DragDiv.js HTTP/1.1" 200 606
"GET /static/js/PrintFile.js HTTP/1.1" 200 2650
search leases!
"GET /lease/ HTTP/1.1" 200 51968
"GET /lease/queryHouse/?keyStr=id&keyValue=1 HTTP/1.1" 200 443
"GET /realty/ HTTP/1.1" 200 24778
"GET /user/ HTTP/1.1" 200 26462
"GET /static/css/user.css HTTP/1.1" 200 141
Watching for file changes with StatReloader
"GET /user/ HTTP/1.1" 200 26462
"GET /static/js/jquery.min.js HTTP/1.1" 200 72328
"GET /static/js/init.js HTTP/1.1" 200 3029
"GET /static/css/user.css HTTP/1.1" 200 141
"GET /static/js/TableBase.js HTTP/1.1" 200 22107
"GET /static/js/DragDiv.js HTTP/1.1" 200 606
"GET /static/css/drag.css HTTP/1.1" 200 0
"GET /static/js/PrintFile.js HTTP/1.1" 200 2650
"GET /static/js/InformationBase.js HTTP/1.1" 200 9827
"GET /static/css/TableBase.css HTTP/1.1" 200 1456
"GET /favicon.ico HTTP/1.1" 404 3680
Watching for file changes with StatReloader
"GET /user/ HTTP/1.1" 200 26462
"GET /static/js/jquery.min.js HTTP/1.1" 200 72328
"GET /static/js/init.js HTTP/1.1" 200 3029
"GET /static/js/TableBase.js HTTP/1.1" 200 22107
"GET /static/js/InformationBase.js HTTP/1.1" 200 9827
"GET /static/js/DragDiv.js HTTP/1.1" 200 606
"GET /static/js/PrintFile.js HTTP/1.1" 200 2650
"GET /static/css/drag.css HTTP/1.1" 200 0
"GET /static/css/user.css HTTP/1.1" 200 141
"GET /static/css/TableBase.css HTTP/1.1" 200 1456
"GET /favicon.ico HTTP/1.1" 404 3680
"GET /realty/ HTTP/1.1" 200 24778
"GET /static/js/jquery.min.js HTTP/1.1" 200 72328
"GET /static/css/drag.css HTTP/1.1" 200 0
"GET /static/css/TableBase.css HTTP/1.1" 200 1456
"GET /static/js/init.js HTTP/1.1" 200 3029
"GET /static/js/TableBase.js HTTP/1.1" 200 22107
"GET /static/js/PrintFile.js HTTP/1.1" 200 2650
"GET /static/js/DragDiv.js HTTP/1.1" 200 606
"GET /static/js/InformationBase.js HTTP/1.1" 200 9827
"GET /favicon.ico HTTP/1.1" 404 3680
"GET /user/ HTTP/1.1" 200 26462
"GET /static/js/jquery.min.js HTTP/1.1" 200 72328
"GET /static/css/drag.css HTTP/1.1" 200 0
"GET /static/js/init.js HTTP/1.1" 200 3029
"GET /static/css/user.css HTTP/1.1" 200 141
"GET /static/js/InformationBase.js HTTP/1.1" 200 9827
"GET /static/js/TableBase.js HTTP/1.1" 200 22107
"GET /static/css/TableBase.css HTTP/1.1" 200 1456
"GET /static/js/DragDiv.js HTTP/1.1" 200 606
"GET /static/js/PrintFile.js HTTP/1.1" 200 2650
"GET /favicon.ico HTTP/1.1" 404 3680
"GET /user/ HTTP/1.1" 200 26389
"GET /static/js/jquery.min.js HTTP/1.1" 200 72328
"GET /static/js/init.js HTTP/1.1" 200 3029
"GET /static/js/InformationBase.js HTTP/1.1" 200 9827
"GET /static/js/TableBase.js HTTP/1.1" 200 22107
"GET /static/css/drag.css HTTP/1.1" 200 0
"GET /static/js/DragDiv.js HTTP/1.1" 200 606
"GET /static/js/PrintFile.js HTTP/1.1" 200 2650
"GET /static/css/user.css HTTP/1.1" 200 141
"GET /static/css/TableBase.css HTTP/1.1" 200 1456
"GET /favicon.ico HTTP/1.1" 404 3680
"GET /user/ HTTP/1.1" 200 26389
"GET /static/js/init.js HTTP/1.1" 200 3029
"GET /static/js/TableBase.js HTTP/1.1" 200 22107
"GET /static/js/jquery.min.js HTTP/1.1" 200 72328
"GET /static/css/drag.css HTTP/1.1" 200 0
"GET /static/css/user.css HTTP/1.1" 200 141
"GET /static/css/TableBase.css HTTP/1.1" 200 1456
"GET /static/js/DragDiv.js HTTP/1.1" 200 606
"GET /static/js/InformationBase.js HTTP/1.1" 200 9827
"GET /static/js/PrintFile.js HTTP/1.1" 200 2650
"GET /favicon.ico HTTP/1.1" 404 3680
"GET /user/ HTTP/1.1" 200 26412
"GET /static/js/jquery.min.js HTTP/1.1" 200 72328
"GET /static/js/init.js HTTP/1.1" 200 3029
"GET /static/js/TableBase.js HTTP/1.1" 200 22107
"GET /static/css/drag.css HTTP/1.1" 200 0
"GET /static/js/PrintFile.js HTTP/1.1" 200 2650
"GET /static/js/InformationBase.js HTTP/1.1" 200 9827
"GET /static/js/DragDiv.js HTTP/1.1" 200 606
"GET /static/css/user.css HTTP/1.1" 200 141
"GET /static/css/TableBase.css HTTP/1.1" 200 1456
"GET /favicon.ico HTTP/1.1" 404 3680
"GET /user/ HTTP/1.1" 200 26414
"GET /static/js/InformationBase.js HTTP/1.1" 200 9827
"GET /static/js/init.js HTTP/1.1" 200 3029
"GET /static/js/DragDiv.js HTTP/1.1" 200 606
"GET /static/js/TableBase.js HTTP/1.1" 200 22107
"GET /static/js/PrintFile.js HTTP/1.1" 200 2650
"GET /static/js/jquery.min.js HTTP/1.1" 200 72328
"GET /static/css/drag.css HTTP/1.1" 200 0
"GET /static/css/user.css HTTP/1.1" 200 141
"GET /static/css/TableBase.css HTTP/1.1" 200 1456
"GET /favicon.ico HTTP/1.1" 404 3680
"GET /user/ HTTP/1.1" 200 26436
"GET /static/js/jquery.min.js HTTP/1.1" 200 72328
"GET /static/css/drag.css HTTP/1.1" 200 0
"GET /static/js/init.js HTTP/1.1" 200 3029
"GET /static/js/DragDiv.js HTTP/1.1" 200 606
"GET /static/js/PrintFile.js HTTP/1.1" 200 2650
"GET /static/css/user.css HTTP/1.1" 200 141
"GET /static/js/TableBase.js HTTP/1.1" 200 22107
"GET /static/js/InformationBase.js HTTP/1.1" 200 9827
"GET /static/css/TableBase.css HTTP/1.1" 200 1456
"GET /favicon.ico HTTP/1.1" 404 3680
"GET /user/ HTTP/1.1" 200 26435
"GET /static/js/jquery.min.js HTTP/1.1" 200 72328
"GET /static/js/init.js HTTP/1.1" 200 3029
"GET /static/css/drag.css HTTP/1.1" 200 0
"GET /static/js/DragDiv.js HTTP/1.1" 200 606
"GET /static/js/InformationBase.js HTTP/1.1" 200 9827
"GET /static/js/PrintFile.js HTTP/1.1" 200 2650
"GET /static/js/TableBase.js HTTP/1.1" 200 22107
"GET /static/css/TableBase.css HTTP/1.1" 200 1456
"GET /static/css/user.css HTTP/1.1" 200 141
"GET /favicon.ico HTTP/1.1" 404 3680
"GET /user/ HTTP/1.1" 200 26448
"GET /static/js/jquery.min.js HTTP/1.1" 200 72328
"GET /static/js/init.js HTTP/1.1" 200 3029
"GET /static/css/drag.css HTTP/1.1" 200 0
"GET /static/js/InformationBase.js HTTP/1.1" 200 9827
"GET /static/js/TableBase.js HTTP/1.1" 200 22107
"GET /static/js/DragDiv.js HTTP/1.1" 200 606
"GET /static/css/user.css HTTP/1.1" 200 141
"GET /static/js/PrintFile.js HTTP/1.1" 200 2650
"GET /static/css/TableBase.css HTTP/1.1" 200 1456
"GET /favicon.ico HTTP/1.1" 404 3680
"GET /user/ HTTP/1.1" 200 26449
"GET /static/js/jquery.min.js HTTP/1.1" 200 72328
"GET /static/js/PrintFile.js HTTP/1.1" 200 2650
"GET /static/js/init.js HTTP/1.1" 200 3029
"GET /static/js/DragDiv.js HTTP/1.1" 200 606
"GET /static/js/InformationBase.js HTTP/1.1" 200 9827
"GET /static/js/TableBase.js HTTP/1.1" 200 22107
"GET /static/css/drag.css HTTP/1.1" 200 0
"GET /static/css/user.css HTTP/1.1" 200 141
"GET /static/css/TableBase.css HTTP/1.1" 200 1456
"GET /favicon.ico HTTP/1.1" 404 3680
"GET /user/ HTTP/1.1" 200 26462
"GET /static/js/jquery.min.js HTTP/1.1" 200 72328
"GET /static/css/drag.css HTTP/1.1" 200 0
"GET /static/js/init.js HTTP/1.1" 200 3029
"GET /static/js/InformationBase.js HTTP/1.1" 200 9827
"GET /static/css/user.css HTTP/1.1" 200 141
"GET /static/js/PrintFile.js HTTP/1.1" 200 2650
"GET /static/js/DragDiv.js HTTP/1.1" 200 606
"GET /static/js/TableBase.js HTTP/1.1" 200 22107
"GET /static/css/TableBase.css HTTP/1.1" 200 1456
"GET /favicon.ico HTTP/1.1" 404 3680
"GET /user/ HTTP/1.1" 200 26504
"GET /static/js/jquery.min.js HTTP/1.1" 200 72328
"GET /static/css/drag.css HTTP/1.1" 200 0
"GET /static/js/init.js HTTP/1.1" 200 3029
"GET /static/js/InformationBase.js HTTP/1.1" 200 9827
"GET /static/css/user.css HTTP/1.1" 200 141
"GET /static/js/DragDiv.js HTTP/1.1" 200 606
"GET /static/css/TableBase.css HTTP/1.1" 200 1456
"GET /static/js/TableBase.js HTTP/1.1" 200 22107
"GET /static/js/PrintFile.js HTTP/1.1" 200 2650
"GET /favicon.ico HTTP/1.1" 404 3680
"GET /user/ HTTP/1.1" 200 26504
"GET /static/js/jquery.min.js HTTP/1.1" 200 72328
"GET /static/js/DragDiv.js HTTP/1.1" 200 606
"GET /static/css/drag.css HTTP/1.1" 200 0
"GET /static/js/init.js HTTP/1.1" 200 3029
"GET /static/js/InformationBase.js HTTP/1.1" 200 9827
"GET /static/js/TableBase.js HTTP/1.1" 200 22107
"GET /static/js/PrintFile.js HTTP/1.1" 200 2650
"GET /static/css/TableBase.css HTTP/1.1" 200 1456
"GET /static/css/user.css HTTP/1.1" 200 141
"GET /favicon.ico HTTP/1.1" 404 3680
"GET /user/ HTTP/1.1" 200 26463
"GET /static/js/DragDiv.js HTTP/1.1" 200 606
"GET /static/js/PrintFile.js HTTP/1.1" 200 2650
"GET /static/js/TableBase.js HTTP/1.1" 200 22107
"GET /static/js/InformationBase.js HTTP/1.1" 200 9827
"GET /static/js/init.js HTTP/1.1" 200 3029
"GET /static/js/jquery.min.js HTTP/1.1" 200 72328
"GET /static/css/user.css HTTP/1.1" 200 141
"GET /static/css/drag.css HTTP/1.1" 200 0
"GET /static/css/TableBase.css HTTP/1.1" 200 1456
"GET /favicon.ico HTTP/1.1" 404 3680
"GET /user/ HTTP/1.1" 200 26445
"GET /static/js/jquery.min.js HTTP/1.1" 200 72328
"GET /static/js/init.js HTTP/1.1" 200 3029
"GET /static/css/drag.css HTTP/1.1" 200 0
"GET /static/js/InformationBase.js HTTP/1.1" 200 9827
"GET /static/js/DragDiv.js HTTP/1.1" 200 606
"GET /static/js/TableBase.js HTTP/1.1" 200 22107
"GET /static/css/TableBase.css HTTP/1.1" 200 1456
"GET /static/js/PrintFile.js HTTP/1.1" 200 2650
"GET /static/css/user.css HTTP/1.1" 200 141
"GET /favicon.ico HTTP/1.1" 404 3680
Watching for file changes with StatReloader
"GET /user/ HTTP/1.1" 200 26445
"GET /static/js/jquery.min.js HTTP/1.1" 200 72328
"GET /static/js/init.js HTTP/1.1" 200 3029
"GET /static/js/DragDiv.js HTTP/1.1" 200 606
"GET /static/js/TableBase.js HTTP/1.1" 200 22838
"GET /static/js/InformationBase.js HTTP/1.1" 200 9827
"GET /static/css/drag.css HTTP/1.1" 200 0
"GET /static/css/user.css HTTP/1.1" 200 141
"GET /static/js/PrintFile.js HTTP/1.1" 200 2650
"GET /static/css/TableBase.css HTTP/1.1" 200 1456
"GET /favicon.ico HTTP/1.1" 404 3680
Watching for file changes with StatReloader
"GET / HTTP/1.1" 302 0
"GET /user/login/?next=/ HTTP/1.1" 200 3840
"GET /user/login/signin.css HTTP/1.1" 404 4898
"GET /favicon.ico HTTP/1.1" 404 3680
